#
# There is insufficient memory for the Java Runtime Environment to continue.
# Native memory allocation (mmap) failed to map 4128768 bytes. Error detail: G1 virtual space
# Possible reasons:
#   The system is out of physical RAM or swap space
#   This process is running with CompressedOops enabled, and the Java Heap may be blocking the growth of the native heap
# Possible solutions:
#   Reduce memory load on the system
#   Increase physical memory or swap space
#   Check if swap backing store is full
#   Decrease Java heap size (-Xmx/-Xms)
#   Decrease number of Java threads
#   Decrease Java thread stack sizes (-Xss)
#   Set larger code cache with -XX:ReservedCodeCacheSize=
#   JVM is running with Zero Based Compressed Oops mode in which the Java heap is
#     placed in the first 32GB address space. The Java Heap base address is the
#     maximum limit for the native heap growth. Please use -XX:HeapBaseMinAddress
#     to set the Java Heap base and to place the Java Heap above 32GB virtual address.
# This output file may be truncated or incomplete.
#
#  Out of Memory Error (os_windows.cpp:3766), pid=14464, tid=2508
#
# JRE version:  (25.0.2+1) (build )
# Java VM: OpenJDK 64-Bit Server VM (25.0.2+1-b329.117, mixed mode, sharing, tiered, compressed oops, compressed class ptrs, g1 gc, windows-amd64)
# No core dump will be written. Minidumps are not enabled by default on client versions of Windows
#

---------------  S U M M A R Y ------------

Command Line: externalApp.nativessh.NativeSshAskPassApp The authenticity of host 'github.com (64:ff9b::14cf:4952)' can't be established.
ED25519 key fingerprint is: SHA256:+DiY3wvvV6TuJJhbpZisF/zLDA0zPMSvHdkr4UvCOqU
This key is not known by any other names.
Are you sure you want to continue connecting (yes/no/[fingerprint])? 

Host: 12th Gen Intel(R) Core(TM) i5-12500H, 16 cores, 15G,  Windows 11 , 64 bit Build 26100 (10.0.26100.8328)
Time: Sun May 31 11:14:59 2026 India Standard Time elapsed time: 1.288579 seconds (0d 0h 0m 1s)

---------------  T H R E A D  ---------------

Current thread (0x0000024c717ce690):  JavaThread "Unknown thread" [_thread_in_vm, id=2508, stack(0x0000006910900000,0x0000006910a00000) (1024K)]

Stack: [0x0000006910900000,0x0000006910a00000]
Native frames: (J=compiled Java code, j=interpreted, Vv=VM code, C=native code)
V  [jvm.dll+0x7c0cc9]  (no source info available)
V  [jvm.dll+0x78a49d]  (no source info available)
V  [jvm.dll+0xa0e693]  (no source info available)
V  [jvm.dll+0xa10e8c]  (no source info available)
V  [jvm.dll+0xa11583]  (no source info available)
V  [jvm.dll+0x307b46]  (no source info available)
V  [jvm.dll+0x7bced5]  (no source info available)
V  [jvm.dll+0x7afe97]  (no source info available)
V  [jvm.dll+0x40159e]  (no source info available)
V  [jvm.dll+0x4093bb]  (no source info available)
V  [jvm.dll+0x3f5c0e]  (no source info available)
V  [jvm.dll+0x3f5eab]  (no source info available)
V  [jvm.dll+0x3cc053]  (no source info available)
V  [jvm.dll+0x3cccbe]  (no source info available)
V  [jvm.dll+0x9d4a07]  (no source info available)
V  [jvm.dll+0x466ce2]  (no source info available)
V  [jvm.dll+0x9b8139]  (no source info available)
V  [jvm.dll+0x508a01]  (no source info available)
V  [jvm.dll+0x50a371]  (no source info available)
C  [jli.dll+0x541a]  (no source info available)
C  [ucrtbase.dll+0x37b0]  (no source info available)
C  [KERNEL32.DLL+0x2e957]  (no source info available)
C  [ntdll.dll+0x427c]  (no source info available)

Lock stack of current Java thread (top to bottom):


---------------  P R O C E S S  ---------------

Threads class SMR info:
_java_thread_list=0x00007ffb09839108, length=0, elements={
}

Java Threads: ( => current thread )
Total: 0

Other Threads:
  0x0000024c73af6ec0 WorkerThread "GC Thread#0"                     [id=1972, stack(0x0000006910a00000,0x0000006910b00000) (1024K)]
  0x0000024c73b0f8d0 ConcurrentGCThread "G1 Main Marker"            [id=20352, stack(0x0000006910b00000,0x0000006910c00000) (1024K)]
  0x0000024c73b10470 WorkerThread "G1 Conc#0"                       [id=19984, stack(0x0000006910c00000,0x0000006910d00000) (1024K)]

[error occurred during error reporting (printing all threads), id 0xc0000005, EXCEPTION_ACCESS_VIOLATION (0xc0000005) at pc=0x00007ffb08e50caa]
VM state: not at safepoint (not fully initialized)

VM Mutex/Monitor currently owned by a thread:  ([mutex/lock_event])
[0x00007ffb098c1d10] Heap_lock - owner thread: 0x0000024c717ce690

Heap address: 0x0000000704800000, size: 4024 MB, Compressed Oops mode: Zero based, Oop shift amount: 3

CDS archive(s) mapped at: [0x0000000000000000-0x0000000000000000-0x0000000000000000), size 0, SharedBaseAddress: 0x0000000800000000, ArchiveRelocationMode: 1.
UseCompressedClassPointers 1, UseCompactObjectHeaders 0
Narrow klass pointer bits 32, Max shift 3
Narrow klass base: 0xffffffffffffffff, Narrow klass shift: -1
Encoding Range: [0xffffffffffffffff - 0x000000007fffffff), (2147483648 bytes)
Klass Range:    [0x0000000000000000 - 0x0000000000000000), (0 bytes)
Klass ID Range:  [4294967295 - 0) (1)
No protection zone.

GC Precious Log:
 CardTable entry size: 512
 Card Set container configuration: InlinePtr #cards 4 size 8 Array Of Cards #cards 16 size 48 Howl #buckets 8 coarsen threshold 3686 Howl Bitmap #cards 512 size 80 coarsen threshold 460 Card regions per heap region 1 cards per card region 4096

Heap:
 garbage-first heap   total reserved 4120576K, committed 0K, used 0K [0x0000000704800000, 0x0000000800000000)
  region size 2048K, 0 young (0K), 0 survivors (0K)

Heap Regions: E=young(eden), S=young(survivor), O=old, HS=humongous(starts), HC=humongous(continues), CS=collection set, F=free, TAMS=top-at-mark-start, PB=parsable bottom

Card table byte_map: [0x0000024c78ef0000,0x0000024c796d0000] _byte_map_base: 0x0000024c756cc000

Marking Bits: (CMBitMap*) 0x0000024c73af7650
 Bits: [0x0000024c796d0000, 0x0000024c7d5b0000)

GC Heap Usage History (0 events):
No events

Metaspace Usage History (0 events):
No events

Dll operation events (1 events):
Event: 0.005 Loaded shared library C:\Users\Ankit\AppData\Local\Programs\IntelliJ IDEA\jbr\bin\java.dll

Deoptimization events (0 events):
No events

Classes loaded (0 events):
No events

Classes unloaded (0 events):
No events

Classes redefined (0 events):
No events

Internal exceptions (0 events):
No events

VM Operations (0 events):
No events

Memory protections (0 events):
No events

Nmethod flushes (0 events):
No events

Events (0 events):
No events


Dynamic libraries:
0x00007ff70e530000 - 0x00007ff70e53a000 	C:\Users\Ankit\AppData\Local\Programs\IntelliJ IDEA\jbr\bin\java.exe
0x00007ffb76b60000 - 0x00007ffb76dc7000 	C:\WINDOWS\SYSTEM32\ntdll.dll
0x00007ffb76520000 - 0x00007ffb765e9000 	C:\WINDOWS\System32\KERNEL32.DLL
0x00007ffb73650000 - 0x00007ffb73a47000 	C:\WINDOWS\System32\KERNELBASE.dll
0x00007ffb73ce0000 - 0x00007ffb73e2b000 	C:\WINDOWS\System32\ucrtbase.dll
0x00007ffb6e4b0000 - 0x00007ffb6e4ce000 	C:\Users\Ankit\AppData\Local\Programs\IntelliJ IDEA\jbr\bin\VCRUNTIME140.dll
0x00007ffb4b020000 - 0x00007ffb4b037000 	C:\Users\Ankit\AppData\Local\Programs\IntelliJ IDEA\jbr\bin\jli.dll
0x00007ffb75130000 - 0x00007ffb752f6000 	C:\WINDOWS\System32\USER32.dll
0x00007ffb73590000 - 0x00007ffb735b7000 	C:\WINDOWS\System32\win32u.dll
0x00007ffb75300000 - 0x00007ffb7532b000 	C:\WINDOWS\System32\GDI32.dll
0x00007ffb73b00000 - 0x00007ffb73c2c000 	C:\WINDOWS\System32\gdi32full.dll
0x00007ffb73c30000 - 0x00007ffb73cd3000 	C:\WINDOWS\System32\msvcp_win.dll
0x00007ffb52d80000 - 0x00007ffb53012000 	C:\WINDOWS\WinSxS\amd64_microsoft.windows.common-controls_6595b64144ccf1df_6.0.26100.8457_none_3e0b2faee331e92d\COMCTL32.dll
0x00007ffb76350000 - 0x00007ffb763f9000 	C:\WINDOWS\System32\msvcrt.dll
0x00007ffb74df0000 - 0x00007ffb74e22000 	C:\WINDOWS\System32\IMM32.DLL
0x00007ffb6e4a0000 - 0x00007ffb6e4ac000 	C:\Users\Ankit\AppData\Local\Programs\IntelliJ IDEA\jbr\bin\vcruntime140_1.dll
0x00007ffb5cd10000 - 0x00007ffb5cd99000 	C:\Users\Ankit\AppData\Local\Programs\IntelliJ IDEA\jbr\bin\msvcp140.dll
0x00007ffb08a70000 - 0x00007ffb099c2000 	C:\Users\Ankit\AppData\Local\Programs\IntelliJ IDEA\jbr\bin\server\jvm.dll
0x00007ffb76600000 - 0x00007ffb766b6000 	C:\WINDOWS\System32\ADVAPI32.dll
0x00007ffb76a60000 - 0x00007ffb76b07000 	C:\WINDOWS\System32\sechost.dll
0x00007ffb76400000 - 0x00007ffb76518000 	C:\WINDOWS\System32\RPCRT4.dll
0x00007ffb766c0000 - 0x00007ffb76740000 	C:\WINDOWS\System32\WS2_32.dll
0x00007ffb66e80000 - 0x00007ffb66e8b000 	C:\WINDOWS\SYSTEM32\VERSION.dll
0x00007ffb67f40000 - 0x00007ffb67f76000 	C:\WINDOWS\SYSTEM32\WINMM.dll
0x00007ffb733f0000 - 0x00007ffb7344e000 	C:\WINDOWS\SYSTEM32\POWRPROF.dll
0x00007ffb733d0000 - 0x00007ffb733e4000 	C:\WINDOWS\SYSTEM32\UMPDC.dll
0x00007ffb72320000 - 0x00007ffb7233b000 	C:\WINDOWS\SYSTEM32\kernel.appcore.dll
0x00007ffb62830000 - 0x00007ffb6283a000 	C:\Users\Ankit\AppData\Local\Programs\IntelliJ IDEA\jbr\bin\jimage.dll
0x00007ffb714e0000 - 0x00007ffb71722000 	C:\WINDOWS\SYSTEM32\DBGHELP.DLL
0x00007ffb75f40000 - 0x00007ffb762c3000 	C:\WINDOWS\System32\combase.dll
0x00007ffb76960000 - 0x00007ffb76a39000 	C:\WINDOWS\System32\OLEAUT32.dll
0x00007ffb54ee0000 - 0x00007ffb54f1b000 	C:\WINDOWS\SYSTEM32\dbgcore.DLL
0x00007ffb73a50000 - 0x00007ffb73af8000 	C:\WINDOWS\System32\bcryptPrimitives.dll
0x00007ffb627b0000 - 0x00007ffb627cf000 	C:\Users\Ankit\AppData\Local\Programs\IntelliJ IDEA\jbr\bin\java.dll
0x00007ffb74f90000 - 0x00007ffb75127000 	C:\WINDOWS\System32\ole32.dll
0x00007ffb75470000 - 0x00007ffb75bde000 	C:\WINDOWS\System32\SHELL32.dll

JVMTI agents: none

dbghelp: loaded successfully - version: 4.0.5 - missing functions: none
symbol engine: initialized successfully - sym options: 0x614 - pdb path: .;C:\Users\Ankit\AppData\Local\Programs\IntelliJ IDEA\jbr\bin;C:\WINDOWS\SYSTEM32;C:\WINDOWS\WinSxS\amd64_microsoft.windows.common-controls_6595b64144ccf1df_6.0.26100.8457_none_3e0b2faee331e92d;C:\Users\Ankit\AppData\Local\Programs\IntelliJ IDEA\jbr\bin\server

VM Arguments:
java_command: externalApp.nativessh.NativeSshAskPassApp The authenticity of host 'github.com (64:ff9b::14cf:4952)' can't be established.
ED25519 key fingerprint is: SHA256:+DiY3wvvV6TuJJhbpZisF/zLDA0zPMSvHdkr4UvCOqU
This key is not known by any other names.
Are you sure you want to continue connecting (yes/no/[fingerprint])? 
java_class_path (initial): C:/Users/Ankit/AppData/Local/Programs/IntelliJ IDEA/lib/externalProcess-rt.jar
Launcher Type: SUN_STANDARD

[Global flags]
     intx CICompilerCount                          = 12                                        {product} {ergonomic}
     uint ConcGCThreads                            = 3                                         {product} {ergonomic}
     uint G1ConcRefinementThreads                  = 13                                        {product} {ergonomic}
   size_t G1HeapRegionSize                         = 2097152                                   {product} {ergonomic}
   size_t InitialHeapSize                          = 264241152                                 {product} {ergonomic}
   size_t MarkStackSize                            = 4194304                                   {product} {ergonomic}
   size_t MarkStackSizeMax                         = 536870912                                 {product} {ergonomic}
   size_t MaxHeapSize                              = 4219469824                                {product} {ergonomic}
   size_t MinHeapDeltaBytes                        = 2097152                                   {product} {ergonomic}
   size_t MinHeapSize                              = 8388608                                   {product} {ergonomic}
    uintx NonNMethodCodeHeapSize                   = 7602176                                {pd product} {ergonomic}
    uintx NonProfiledCodeHeapSize                  = 122093568                              {pd product} {ergonomic}
    uintx ProfiledCodeHeapSize                     = 121962496                              {pd product} {ergonomic}
    uintx ReservedCodeCacheSize                    = 251658240                              {pd product} {ergonomic}
     bool SegmentedCodeCache                       = true                                      {product} {ergonomic}
   size_t SoftMaxHeapSize                          = 4219469824                             {manageable} {ergonomic}
     bool UseCompressedOops                        = true                           {product lp64_product} {ergonomic}
     bool UseG1GC                                  = true                                      {product} {ergonomic}
     bool UseLargePagesIndividualAllocation        = false                                  {pd product} {ergonomic}

Logging:
Log output configuration:
 #0: stdout all=warning uptime,level,tags foldmultilines=false
 #1: stderr all=off uptime,level,tags foldmultilines=false

Release file:
<release file has not been read>
Environment Variables:
PATH=C:\Program Files\Git\mingw64\libexec\git-core;C:\Program Files\Git\mingw64\bin;C:\Program Files\Git\usr\bin;C:\Users\Ankit\bin;C:\Program Files\Common Files\Oracle\Java\javapath;C:\WINDOWS\system32;C:\WINDOWS;C:\WINDOWS\System32\Wbem;C:\WINDOWS\System32\WindowsPowerShell\v1.0;C:\WINDOWS\System32\OpenSSH;C:\Program Files\Git\cmd;C:\Program Files\MySQL\MySQL Router 8.0\bin;C:\Program Files\MySQL\MySQL Shell 8.0\bin;C:\Users\Ankit\AppData\Local\Microsoft\WindowsApps;C:\Users\Ankit\AppData\Local\JetBrains\Toolbox\scripts;C:\Users\Ankit\AppData\Local\Programs\Microsoft VS Code\bin
USERNAME=Ankit
DISPLAY=:0.0
LC_ALL=en_US.UTF-8
TERM=xterm-256color
TMPDIR=C:\Users\Ankit\AppData\Local\Temp
OS=Windows_NT
PROCESSOR_IDENTIFIER=Intel64 Family 6 Model 154 Stepping 3, GenuineIntel
TMP=C:\Users\Ankit\AppData\Local\Temp
TEMP=C:\Users\Ankit\AppData\Local\Temp




Compilation memory statistics disabled.

Periodic native trim disabled

JNI global refs:
JNI global refs: 0, weak refs: 0

JNI global refs memory usage: 0, weak refs: 0

Process memory usage:
Resident Set Size: 14764K (0% of 16474616K total physical memory with 4081192K free physical memory)

OOME stack traces (most recent first):
Classloader memory used:

---------------  S Y S T E M  ---------------

OS:
 Windows 11 , 64 bit Build 26100 (10.0.26100.8328)
OS uptime: 0 days 17:34 hours
Hyper-V role detected

CPU: total 16 (initial active 16) (8 cores per cpu, 2 threads per core) family 6 model 154 stepping 3 microcode 0x423, cx8, cmov, fxsr, ht, mmx, 3dnowpref, sse, sse2, sse3, ssse3, sse4.1, sse4.2, popcnt, lzcnt, tsc, tscinvbit, avx, avx2, aes, erms, clmul, bmi1, bmi2, adx, sha, fma, vzeroupper, clflush, clflushopt, clwb, hv, serialize, rdtscp, rdpid, fsrm, gfni, f16c, cet_ibt, cet_ss
Processor Information for processor 0
  Max Mhz: 2500, Current Mhz: 2500, Mhz Limit: 2500
Processor Information for processor 1
  Max Mhz: 2500, Current Mhz: 2500, Mhz Limit: 2500
Processor Information for processor 2
  Max Mhz: 2500, Current Mhz: 2500, Mhz Limit: 2500
Processor Information for processor 3
  Max Mhz: 2500, Current Mhz: 2500, Mhz Limit: 2500
Processor Information for processor 4
  Max Mhz: 2500, Current Mhz: 2500, Mhz Limit: 2500
Processor Information for processor 5
  Max Mhz: 2500, Current Mhz: 2500, Mhz Limit: 2500
Processor Information for processor 6
  Max Mhz: 2500, Current Mhz: 2500, Mhz Limit: 2500
Processor Information for processor 7
  Max Mhz: 2500, Current Mhz: 2500, Mhz Limit: 2500
Processor Information for processor 8
  Max Mhz: 2500, Current Mhz: 1800, Mhz Limit: 1800
Processor Information for processor 9
  Max Mhz: 2500, Current Mhz: 1800, Mhz Limit: 1800
Processor Information for processor 10
  Max Mhz: 2500, Current Mhz: 1800, Mhz Limit: 1800
Processor Information for processor 11
  Max Mhz: 2500, Current Mhz: 1800, Mhz Limit: 1800
Processor Information for processor 12
  Max Mhz: 2500, Current Mhz: 1800, Mhz Limit: 1800
Processor Information for processor 13
  Max Mhz: 2500, Current Mhz: 1800, Mhz Limit: 1800
Processor Information for processor 14
  Max Mhz: 2500, Current Mhz: 1800, Mhz Limit: 1800
Processor Information for processor 15
  Max Mhz: 2500, Current Mhz: 1800, Mhz Limit: 1800

Memory: 4k page, system-wide physical 16088M (3985M free)
TotalPageFile size 16088M (AvailPageFile size 6M)
current process WorkingSet (physical memory assigned to process): 14M, peak: 14M
current process commit charge ("private bytes"): 324M, peak: 327M

vm_info: OpenJDK 64-Bit Server VM (25.0.2+1-b329.117) for windows-amd64 JRE (25.0.2+1-b329.117), built on 2026-04-20 with MS VC++ 17.14 (VS2022)

END.
